PowerBASIC 6 Console Compiler
Copyright (c) 1998-2012 PowerBasic Inc.
Englewood, Florida USA
All Rights Reserved

Primary source:  C:\Users\tsh\Documents\My Firefly Projects\PowerbasicCode\_TEST-Tools\Logfeeder.bas   {220655 total lines}
Target compilation:  Logfeeder.EXE
Compile time:  0.7 seconds, at 18913285 lines/minute

20048 bytes compiled code, 27684 bytes RTLibrary,
6732 bytes string literals, and 9752 bytes dgroup.
Executable stack size:  1048576 bytes.
Disk image: 60416 bytes   Memory image: 44168 bytes.

Component Files:
----------------
C:\Users\tsh\Documents\My Firefly Projects\PowerbasicCode\_TEST-Tools\Logfeeder.bas
C:\USERS\TSH\DOCUMENTS\GITHUB\INCLUDES\TSH_MSSQL.INC
C:\USERS\TSH\DOCUMENTS\MY FIREFLY PROJECTS\JOSEINCLUDES\ADO.INC
C:\USERS\TSH\DOCUMENTS\MY FIREFLY PROJECTS\JOSEINCLUDES\WINDOWS.INC
C:\USERS\TSH\DOCUMENTS\MY FIREFLY PROJECTS\JOSEINCLUDES\SDKDDKVER.INC
C:\USERS\TSH\DOCUMENTS\MY FIREFLY PROJECTS\JOSEINCLUDES\WINDEF.INC
C:\USERS\TSH\DOCUMENTS\MY FIREFLY PROJECTS\JOSEINCLUDES\WINNT.INC
C:\USERS\TSH\DOCUMENTS\MY FIREFLY PROJECTS\JOSEINCLUDES\BASETSD.INC
C:\USERS\TSH\DOCUMENTS\MY FIREFLY PROJECTS\JOSEINCLUDES\GUIDDEF.INC
C:\USERS\TSH\DOCUMENTS\MY FIREFLY PROJECTS\JOSEINCLUDES\NTSTATUS.INC
C:\USERS\TSH\DOCUMENTS\MY FIREFLY PROJECTS\JOSEINCLUDES\KTMTYPES.INC
C:\USERS\TSH\DOCUMENTS\MY FIREFLY PROJECTS\JOSEINCLUDES\WINERROR.INC
C:\USERS\TSH\DOCUMENTS\MY FIREFLY PROJECTS\JOSEINCLUDES\WINBASE.INC
C:\USERS\TSH\DOCUMENTS\MY FIREFLY PROJECTS\JOSEINCLUDES\WINGDI.INC
C:\USERS\TSH\DOCUMENTS\MY FIREFLY PROJECTS\JOSEINCLUDES\WINUSER.INC
C:\USERS\TSH\DOCUMENTS\MY FIREFLY PROJECTS\JOSEINCLUDES\TVOUT.INC
C:\USERS\TSH\DOCUMENTS\MY FIREFLY PROJECTS\JOSEINCLUDES\WINNLS.INC
C:\USERS\TSH\DOCUMENTS\MY FIREFLY PROJECTS\JOSEINCLUDES\WINCON.INC
C:\USERS\TSH\DOCUMENTS\MY FIREFLY PROJECTS\JOSEINCLUDES\WINVER.INC
C:\USERS\TSH\DOCUMENTS\MY FIREFLY PROJECTS\JOSEINCLUDES\VERRSRC.INC
C:\USERS\TSH\DOCUMENTS\MY FIREFLY PROJECTS\JOSEINCLUDES\WINREG.INC
C:\USERS\TSH\DOCUMENTS\MY FIREFLY PROJECTS\JOSEINCLUDES\WTYPES.INC
C:\USERS\TSH\DOCUMENTS\MY FIREFLY PROJECTS\JOSEINCLUDES\REASON.INC
C:\USERS\TSH\DOCUMENTS\MY FIREFLY PROJECTS\JOSEINCLUDES\WINNETWK.INC
C:\USERS\TSH\DOCUMENTS\MY FIREFLY PROJECTS\JOSEINCLUDES\WNNC.INC
C:\USERS\TSH\DOCUMENTS\MY FIREFLY PROJECTS\JOSEINCLUDES\CDERR.INC
C:\USERS\TSH\DOCUMENTS\MY FIREFLY PROJECTS\JOSEINCLUDES\DDE.INC
C:\USERS\TSH\DOCUMENTS\MY FIREFLY PROJECTS\JOSEINCLUDES\DDEML.INC
C:\USERS\TSH\DOCUMENTS\MY FIREFLY PROJECTS\JOSEINCLUDES\DLGS.INC
C:\USERS\TSH\DOCUMENTS\MY FIREFLY PROJECTS\JOSEINCLUDES\LZEXPAND.INC
C:\USERS\TSH\DOCUMENTS\MY FIREFLY PROJECTS\JOSEINCLUDES\MMSYSTEM.INC
C:\USERS\TSH\DOCUMENTS\MY FIREFLY PROJECTS\JOSEINCLUDES\NB30.INC
C:\USERS\TSH\DOCUMENTS\MY FIREFLY PROJECTS\JOSEINCLUDES\RPC.INC
C:\USERS\TSH\DOCUMENTS\MY FIREFLY PROJECTS\JOSEINCLUDES\RPCDCE.INC
C:\USERS\TSH\DOCUMENTS\MY FIREFLY PROJECTS\JOSEINCLUDES\RPCDCEP.INC
C:\USERS\TSH\DOCUMENTS\MY FIREFLY PROJECTS\JOSEINCLUDES\RPCNSI.INC
C:\USERS\TSH\DOCUMENTS\MY FIREFLY PROJECTS\JOSEINCLUDES\RPCASYNC.INC
C:\USERS\TSH\DOCUMENTS\MY FIREFLY PROJECTS\JOSEINCLUDES\SHELLAPI.INC
C:\USERS\TSH\DOCUMENTS\MY FIREFLY PROJECTS\JOSEINCLUDES\WINPERF.INC
C:\USERS\TSH\DOCUMENTS\MY FIREFLY PROJECTS\JOSEINCLUDES\WINSOCK2.INC
C:\USERS\TSH\DOCUMENTS\MY FIREFLY PROJECTS\JOSEINCLUDES\WS2DEF.INC
C:\USERS\TSH\DOCUMENTS\MY FIREFLY PROJECTS\JOSEINCLUDES\INADDR.INC
C:\USERS\TSH\DOCUMENTS\MY FIREFLY PROJECTS\JOSEINCLUDES\QOS.INC
C:\USERS\TSH\DOCUMENTS\MY FIREFLY PROJECTS\JOSEINCLUDES\WINCRYPT.INC
C:\USERS\TSH\DOCUMENTS\MY FIREFLY PROJECTS\JOSEINCLUDES\BCRYPT.INC
C:\USERS\TSH\DOCUMENTS\MY FIREFLY PROJECTS\JOSEINCLUDES\NCRYPT.INC
C:\USERS\TSH\DOCUMENTS\MY FIREFLY PROJECTS\JOSEINCLUDES\WINEFS.INC
C:\USERS\TSH\DOCUMENTS\MY FIREFLY PROJECTS\JOSEINCLUDES\WINSCARD.INC
C:\USERS\TSH\DOCUMENTS\MY FIREFLY PROJECTS\JOSEINCLUDES\WINIOCTL.INC
C:\USERS\TSH\DOCUMENTS\MY FIREFLY PROJECTS\JOSEINCLUDES\WINSMCRD.INC
C:\USERS\TSH\DOCUMENTS\MY FIREFLY PROJECTS\JOSEINCLUDES\WINSPOOL.INC
C:\USERS\TSH\DOCUMENTS\MY FIREFLY PROJECTS\JOSEINCLUDES\WINSVC.INC
C:\USERS\TSH\DOCUMENTS\MY FIREFLY PROJECTS\JOSEINCLUDES\MCX.INC
C:\USERS\TSH\DOCUMENTS\MY FIREFLY PROJECTS\JOSEINCLUDES\IMM.INC
C:\USERS\TSH\DOCUMENTS\MY FIREFLY PROJECTS\JOSEINCLUDES\IME_CMODES.INC
C:\USERS\TSH\DOCUMENTS\MY FIREFLY PROJECTS\JOSEINCLUDES\ADODEF.INC
C:\USERS\TSH\DOCUMENTS\MY FIREFLY PROJECTS\JOSEINCLUDES\ADOINT.INC
C:\USERS\TSH\DOCUMENTS\MY FIREFLY PROJECTS\JOSEINCLUDES\ADOCTINT.INC
C:\USERS\TSH\DOCUMENTS\MY FIREFLY PROJECTS\JOSEINCLUDES\ADOJET.INC
C:\USERS\TSH\DOCUMENTS\MY FIREFLY PROJECTS\JOSEINCLUDES\ADOMD.INC
C:\USERS\TSH\DOCUMENTS\MY FIREFLY PROJECTS\JOSEINCLUDES\MSADCO.INC
C:\USERS\TSH\DOCUMENTS\MY FIREFLY PROJECTS\JOSEINCLUDES\MSADCF.INC
C:\USERS\TSH\DOCUMENTS\MY FIREFLY PROJECTS\JOSEINCLUDES\AFXVARTOSTR.INC
C:\USERS\TSH\DOCUMENTS\MY FIREFLY PROJECTS\JOSEINCLUDES\PROPVARUTIL.INC
C:\USERS\TSH\DOCUMENTS\MY FIREFLY PROJECTS\JOSEINCLUDES\PROPAPI.INC
C:\USERS\TSH\DOCUMENTS\MY FIREFLY PROJECTS\JOSEINCLUDES\PROPIDL.INC
C:\USERS\TSH\DOCUMENTS\MY FIREFLY PROJECTS\JOSEINCLUDES\OBJIDL.INC
C:\USERS\TSH\DOCUMENTS\MY FIREFLY PROJECTS\JOSEINCLUDES\OLE2.INC
C:\USERS\TSH\DOCUMENTS\MY FIREFLY PROJECTS\JOSEINCLUDES\OBJBASE.INC
C:\USERS\TSH\DOCUMENTS\MY FIREFLY PROJECTS\JOSEINCLUDES\UNKNWN.INC
C:\USERS\TSH\DOCUMENTS\MY FIREFLY PROJECTS\JOSEINCLUDES\OAIDL.INC
C:\USERS\TSH\DOCUMENTS\MY FIREFLY PROJECTS\JOSEINCLUDES\CGUID.INC
C:\USERS\TSH\DOCUMENTS\MY FIREFLY PROJECTS\JOSEINCLUDES\URLMON.INC
C:\USERS\TSH\DOCUMENTS\MY FIREFLY PROJECTS\JOSEINCLUDES\OLEIDL.INC
C:\USERS\TSH\DOCUMENTS\MY FIREFLY PROJECTS\JOSEINCLUDES\SERVPROV.INC
C:\USERS\TSH\DOCUMENTS\MY FIREFLY PROJECTS\JOSEINCLUDES\MSXML.INC
C:\USERS\TSH\DOCUMENTS\MY FIREFLY PROJECTS\JOSEINCLUDES\OLEAUTO.INC
C:\USERS\TSH\DOCUMENTS\MY FIREFLY PROJECTS\JOSEINCLUDES\SHTYPES.INC
C:\USERS\TSH\DOCUMENTS\MY FIREFLY PROJECTS\JOSEINCLUDES\SHLWAPI.INC
C:\USERS\TSH\DOCUMENTS\MY FIREFLY PROJECTS\JOSEINCLUDES\AFXTIME.INC
C:\USERS\TSH\DOCUMENTS\MY FIREFLY PROJECTS\JOSEINCLUDES\AFXNLS.INC
C:\USERS\TSH\DOCUMENTS\MY FIREFLY PROJECTS\JOSEINCLUDES\AFXBASE64.INC
C:\USERS\TSH\DOCUMENTS\MY FIREFLY PROJECTS\JOSEINCLUDES\AFXWIN.INC
C:\USERS\TSH\DOCUMENTS\MY FIREFLY PROJECTS\JOSEINCLUDES\REGEXP.INC
C:\USERS\TSH\DOCUMENTS\MY FIREFLY PROJECTS\JOSEINCLUDES\HTTPREQUEST.INC
C:\USERS\TSH\DOCUMENTS\MY FIREFLY PROJECTS\JOSEINCLUDES\HTTPREQUESTID.INC
C:\USERS\TSH\DOCUMENTS\MY FIREFLY PROJECTS\JOSEINCLUDES\PSAPI.INC


Code Extracted:
---------------
INT32X32TO64
UINT32X32TO64
INT64SHLLMOD32
INT64SHRAMOD32
INT64SHRLMOD32
PRIMARYLANGID
SUBLANGID
MAKELCID
MAKESORTLCID
LANGIDFROMLCID
SORTIDFROMLCID
SORTVERSIONFROMLCID
FILTER_FLT_NTSTATUS_FROM_HRESULT
NTSTATUS_FROM_WIN32
ISPTR
ISFCN
ISARY
ISTAG
INCREF
DECREF
HEAP_MAKE_TAG_FLAGS
RTLSECUREZEROMEMORY
WT_SET_MAX_THREADPOOL_THREADS
SUCCEEDED
FAILED
IS_ERROR
HRESULT_CODE
SCODE_CODE
HRESULT_FACILITY
SCODE_FACILITY
HRESULT_SEVERITY
SCODE_SEVERITY
MAKE_HRESULT
MAKE_SCODE
HRESULT_FROM_WIN32
HRESULT_FROM_NT
HRESULT_FROM_SETUPAPI
FILTER_HRESULT_FROM_FLT_NTSTATUS
INTERLOCKEDAND64
INTERLOCKEDOR64
INTERLOCKEDXOR64
INTERLOCKEDINCREMENT64
INTERLOCKEDDECREMENT64
INTERLOCKEDEXCHANGE64
INTERLOCKEDEXCHANGEADD64
GETHINST
GETKVALUE
GETYVALUE
GETMVALUE
GETCVALUE
CMYK
PALETTERGB
PALETTEINDEX
GETRVALUE
GETGVALUE
GETBVALUE
MOVETO
IS_INTRESOURCE
MAKEINTRESOURCEA
MAKEINTRESOURCEW
POINTSTOPOINT
EXITWINDOWS
CREATEWINDOWA
CREATEWINDOWW
CREATEDIALOGINDIRECTA
CREATEDIALOGINDIRECTW
CREATEDIALOGA
CREATEDIALOGW
DIALOGBOXA
DIALOGBOXW
DIALOGBOXINDIRECTA
DIALOGBOXINDIRECTW
GETWINDOWTASK
GETNEXTWINDOW
DEFHOOKPROC
MAKEFOURCC
SNDALIAS
MEVT_EVENTTYPE
MEVT_EVENTPARM
MMIOFOURCC
MCI_MSF_MINUTE
MCI_MSF_SECOND
MCI_MSF_FRAME
MCI_MAKE_MSF
MCI_TMSF_TRACK
MCI_TMSF_MINUTE
MCI_TMSF_SECOND
MCI_TMSF_FRAME
MCI_MAKE_TMSF
MCI_HMS_HOUR
MCI_HMS_MINUTE
MCI_HMS_SECOND
MCI_MAKE_HMS
CANSHAREFOLDERW
SHOWSHAREFOLDERUI
NETADDR_GETADDRESS
NETADDR_SETALLOWTYPE
NETADDR_GETALLOWTYPE
NETADDR_DISPLAYERRORTIP
IN_CLASSA
IN_CLASSB
IN_CLASSC
IN_CLASSD
IN_MULTICAST
IO_
IOR_
IOW_
FD_SET
FD_ZERO
FD_ISSET
WSAMAKEASYNCREPLY
WSAMAKESELECTREPLY
WSAGETASYNCBUFLEN
WSAGETASYNCERROR
WSAGETSELECTEVENT
WSAGETSELECTERROR
GETHOSTADDR
H_ERRNO
GET_ALG_CLASS
GET_ALG_TYPE
GET_ALG_SID
BCRYPT_SUCCESS
BCRYPT_INIT_AUTH_MODE_INFO
CTL_CODE
DEVICE_TYPE_FROM_CTL_CODE
METHOD_FROM_CTL_CODE
SCARD_ATTR_VALUE
MDM_GET_BEARERMODE
MDM_SET_BEARERMODE
MDM_GET_PROTOCOLID
MDM_SET_PROTOCOLID
MDM_GET_PROTOCOLDATA
MDM_SET_PROTOCOLDATA
MDM_GET_PROTOCOLINFO
MDM_SET_PROTOCOLINFO
MDM_GEN_PROTOCOLINFO
MDM_GET_EXTENDEDINFO
MDM_SET_EXTENDEDINFO
MDM_GEN_EXTENDEDINFO
MDM_GEN_HDLCPPP_PROTOCOL_DATA
MDM_PROTOCOL_HDLCPPP_64K
MDM_PROTOCOL_HDLCPPP_56K
MDM_PROTOCOL_HDLCPPP_112K
MDM_PROTOCOL_HDLCPPP_112K_PAP
MDM_PROTOCOL_HDLCPPP_112K_CHAP
MDM_PROTOCOL_HDLCPPP_112K_MSCHAP
MDM_PROTOCOL_HDLCPPP_128K
MDM_PROTOCOL_HDLCPPP_128K_PAP
MDM_PROTOCOL_HDLCPPP_128K_CHAP
MDM_PROTOCOL_HDLCPPP_128K_MSCHAP
MDM_GEN_V120_PROTOCOL_DATA
MDM_PROTOCOL_V120_64K
MDM_PROTOCOL_V120_56K
MDM_PROTOCOL_V120_112K
MDM_PROTOCOL_V120_128K
MDM_GEN_X75_PROTOCOL_DATA
MDM_PROTOCOL_X75_64K
MDM_PROTOCOL_X75_128K
MDM_PROTOCOL_X75_T_70
MDM_PROTOCOL_X75_BTX
MDM_GEN_V110_PROTOCOL_DATA
MDM_PROTOCOL_V110_1DOT2K
MDM_PROTOCOL_V110_2DOT4K
MDM_PROTOCOL_V110_4DOT8K
MDM_PROTOCOL_V110_9DOT6K
MDM_PROTOCOL_V110_12DOT0K
MDM_PROTOCOL_V110_14DOT4K
MDM_PROTOCOL_V110_19DOT2K
MDM_PROTOCOL_V110_28DOT8K
MDM_PROTOCOL_V110_38DOT4K
MDM_PROTOCOL_V110_57DOT6K
MDM_GEN_AUTO_PROTOCOL_DATA
MDM_PROTOCOL_AUTO_1CH
MDM_PROTOCOL_AUTO_2CH
MDM_GEN_ANALOG_PROTOCOL_DATA
MDM_PROTOCOL_ANALOG_RLP
MDM_PROTOCOL_ANALOG_NRLP
MDM_PROTOCOL_ANALOG_V34
MDM_PROTOCOL_GPRS
MDM_PROTOCOL_PIAFS_INCOMING
MDM_PROTOCOL_PIAFS_OUTGOING
PTR2OBJ
AFXSHOWMSG
AFXGETWINDOWSVERSION
AFXGETWINDOWSPLATFORM
AFXGETWINDOWSBUILD
AFXISPLATFORMNT
AFXGETCOMCTLVERSION
AFXGETUSEDPISCALING
AFXWINERRMSG
XMLENCODEBASE64
XMLDECODEBASE64
LHASHVALOFNAME
WHASHVALOFLHASHVAL
ISHASHVALCOMPATIBLE
PROPVARIANTINIT
STRINTLEQNA
STRINTLEQNW
STRINTLEQNIA
STRINTLEQNIW
INTLSTREQNA
INTLSTREQNW
INTLSTREQNIA
INTLSTREQNIW
PATHISHTMLFILEA
PATHISHTMLFILEW
URLISFILEURLA
URLISFILEURLW
URLESCAPESPACESA
URLESCAPESPACESW
URLUNESCAPEINPLACEA
URLUNESCAPEINPLACEW
MAKEDLLVERULL
DLLGETVERSION
SHCONVERTGRAPHICSFILE
INITPROPVARIANTFROMBOOLEAN
INITPROPVARIANTFROMINT16
INITPROPVARIANTFROMUINT16
INITPROPVARIANTFROMINT32
INITPROPVARIANTFROMUINT32
INITPROPVARIANTFROMINT64
INITPROPVARIANTFROMDOUBLE
INITPROPVARIANTFROMSTRING
INITPROPVARIANTFROMGUIDASBUFFER
ISPROPVARIANTVECTOR
ISPROPVARIANTSTRING
PROPVARIANTTOCLSID
PROPVARIANTCOMPARE
PROPVARIANTGETELEM
INITVARIANTFROMBOOLEAN
INITVARIANTFROMINT16
INITVARIANTFROMUINT16
INITVARIANTFROMINT32
INITVARIANTFROMUINT32
INITVARIANTFROMINT64
INITVARIANTFROMDOUBLE
INITVARIANTFROMSTRING
INITVARIANTFROMDISPATCH
INITVARIANTFROMDOSDATETIME
ISVARTYPEFLOAT
ISVARIANTARRAY
ISVARIANTSTRING
ISVARTYPENUMBER
ISVARTYPESIGNEDINTEGER
ISVARTYPEUNSIGNEDINTEGER
ISVARTYPEINTEGER
INITVARIANTFROMGUIDASBUFFER
VARIANTGETELEM
AFXGETLOCALEABBREVDAYNAME
AFXGETLOCALEABBREVMONTHNAME
AFXGETLOCALECOUNTRYNAME
AFXGETLOCALECURRENCYSYMBOL
AFXGETLOCALEDAYNAME
AFXGETLOCALEDECIMALSEPARATOR
AFXGETLOCALEDIGITSGROUPING
AFXGETLOCALEDISPLAYNAME
AFXGETLOCALEENGLISHCOUNTRYNAME
AFXGETLOCALEENGLISHCURRENCYNAME
AFXGETLOCALEENGLISHDISPLAYNAME
AFXGETLOCALEENGLISHLANGUAGENAME
AFXGETLOCALEINTERNATIONALMONETARYSYMBOL
AFXGETLOCALEISO639LANGUAGENAME
AFXGETLOCALEISO639LANGUAGENAME2
AFXGETLOCALEISO3166COUNTRYNAME
AFXGETLOCALEISO3166COUNTRYNAME2
AFXGETLOCALELANGUAGENAME
AFXGETLOCALELISTITEMSSEPARATOR
AFXGETLOCALELONGDATEFORMATSTRING
AFXGETLOCALEMONETARYDECIMALSEPARATOR
AFXGETLOCALEMONETARYGROUPING
AFXGETLOCALEMONETARYTHOUSANDSSEPARATOR
AFXGETLOCALEMONTHDAYFORMATSTRING
AFXGETLOCALEMONTHNAME
AFXGETLOCALENAME
AFXGETLOCALENANSTRING
AFXGETLOCALENATIVECOUNTRYNAME
AFXGETLOCALENATIVECURRENCYNAME
AFXGETLOCALENATIVEDIGITS
AFXGETLOCALENATIVEDISPLAYNAME
AFXGETLOCALENATIVELANGUAGENAME
AFXGETLOCALENEGATIVEINFINITYSTRING
AFXGETLOCALENEGATIVESIGN
AFXGETLOCALEOPENTYPELANGUAGETAG
AFXGETLOCALEPERMILLESYMBOL
AFXGETLOCALEPOSITIVEINFINITYSTRING
AFXGETLOCALEPOSITIVESIGN
AFXGETLOCALESCRIPTSLIST
AFXGETLOCALESHORTDATEFORMATSTRING
AFXGETLOCALESHORTESTDAYNAME
AFXGETLOCALESHORTTIMEFORMATSTRING
AFXGETLOCALESORTNAME
AFXGETLOCALETHOUSANDSSEPARATOR
AFXGETLOCALEDATESEPARATOR
AFXGETLOCALETIMEFORMATSTRING
AFXGETLOCALETIMESEPARATOR
AFXGETLOCALEYEARMONTHFORMATSTRING
AFXGETLOCALIZEDCOUNTRYNAME
AFXGETLOCALIZEDDISPLAYNAME
AFXGETLOCALIZEDLANGUAGENAME
AFXGETSORTLOCALE
AFXASTRODAY
AFXASTRODAYOFWEEK
AFXDATETOJULIAN
AFXDATEDIFF
AFXDATEADD
AFXWEEKONE
AFXWEEKNUMBER
AFXWEEKSINYEAR
AFXWEEKSINMONTH
AFXDAYOFWEEK
AFXGETDAYOFWEEKNAME
AFXGETDAYOFWEEKSHORTNAME
AFXGETFORMATTEDDATE
AFXDBDATE
AFXSHORTDBDATE
AFXTIMESTR
AFXGETMONTHNAME
AFXGETSHORTMONTHNAME
AFXGETTODAYMONTHNAME
AFXGETTODAYNAME
AFXGETTODAYSHORTMONTHNAME
AFXGETTODAYSHORTNAME
AFXHOUR
AFXISLEAPYEAR
AFXDAYSINYEAR
AFXDAYSINMONTH
AFXJULIANDAYOFWEEK
AFXJULIANTODATE
AFXJULIANTODATESTR
AFXGETDAYOFYEAR
AFXGETDAYSBETWEEN
AFXLONGDATE
AFXQUADDATETIME
AFXQUADDATETIMETOSTR
AFXQUADDATETOFORMATTEDSTR
AFXQUADDATETOSTR
AFXQUADTIMETOFORMATTEDSTR
AFXQUADTIMETOSTR
AFXSHORTDATE
AFXTIMEZONEISDAYLIGHTSAVINGTIME
AFXGETTIMEZONEBIAS
AFXGETTIMEZONEDAYLIGHTBIAS
AFXGETTIMEZONESTANDARDNAME
AFXGETTIMEZONEDAYLIGHTNAME
AFXGETTIMEZONEDAYLIGHTDAY
AFXGETTIMEZONEDAYLIGHTDAYOFWEEK
AFXGETTIMEZONEDAYLIGHTHOUR
AFXGETTIMEZONEDAYLIGHTMONTH
AFXVARDATETOSTRING
AFXVARTIMETOSTRING
AFXVARDATETIMETOSTRING
AFXADDWINDOWSTYLE
AFXDESTROYWINDOW
AFXDISABLEWINDOW
AFXDISABLEWINDOWREDRAW
AFXENABLEAPPWINDOWS
AFXAPPWINDOWSENUMPROC
AFXENABLEWINDOW
AFXENABLEWINDOWREDRAW
AFXFORCESETFOREGROUNDWINDOW
AFXGETTOPLEVELWINDOW
AFXGETTOPLEVELPARENT
AFXGETFORMHANDLE
AFXGETCONTROLHANDLE
AFXCONTROLHANDLE_CHILDENUMPROC
AFXGETFIRSTCHILD
AFXGETFIRSTSIBLING
AFXGETHWNDFROMPID
AFXGETLASTSIBLING
AFXGETNEXTSIBLING
AFXGETPREVSIBLING
AFXGETTOPENABLEDWINDOW
ENABLEDWINDOWENUMPROC
AFXGETWINDOWCLASSNAME
AFXGETWINDOWCLIENTSIZE
AFXGETWINDOWCLIENTHEIGHT
AFXGETWINDOWCLIENTWIDTH
AFXGETWINDOWEXSTYLE
AFXGETWINDOWFONT
AFXGETWINDOWSIZE
AFXGETWINDOWHEIGHT
AFXGETWINDOWWIDTH
AFXGETWINDOWID
AFXGETWINDOWINSTANCE
AFXGETWINDOWLOCATION
AFXGETDESKTOPCLIENTSIZE
AFXGETDESKTOPCLIENTHEIGHT
AFXGETDESKTOPCLIENTWIDTH
AFXGETDESKTOPSIZE
AFXGETDESKTOPHEIGHT
AFXGETDESKTOPWIDTH
AFXGETDESKTOPLOCATION
AFXGETWINDOWOWNER
AFXGETWINDOWSTYLE
AFXGETWINDOWTEXT
AFXGETWINDOWTEXTLENGTH
AFXISMAXIMIZED
AFXISMINIMIZED
AFXPIXELSTODPIX
AFXPIXELSTODPIY
AFXISPROCESSDPIAWARE
AFXISRESTORED
AFXKILLWINDOW
AFXMAPWINDOWRECT
AFXREDRAWWINDOW
AFXREMOVEWINDOWSTYLE
AFXSETDLGMSGRESULT
AFXSETPROCESSDPIAWARE
AFXSETUTF8WINDOWTEXT
AFXSETWINDOWBIGICON
AFXSETWINDOWSMALLICON
AFXSETWINDOWCLIENTSIZE
AFXSETWINDOWFOCUS
AFXSETWINDOWFONT
AFXSETWINDOWICON
AFXSETWINDOWLOCATION
AFXSETWINDOWSIZE
AFXSETWINDOWTEXTA
AFXSETWINDOWTEXTW
AFXSHOWWINDOWSTATE
AFXSUBCLASSDIALOG
AFXSUBCLASSWINDOW
AFXCHECKMENUITEM
AFXUNCHECKMENUITEM
TOGGLEMENUITEM
AFXISMENUITEMCHECKED
AFXISMENUITEMENABLED
AFXISMENUITEMDISABLED
AFXISMENUITEMGRAYED
AFXISMENUITEMHIGHLIGHTED
AFXISMENUITEMSEPARATOR
AFXISMENUITEMPOPUP
AFXISMENUITEMOWNERDRAW
AFXGETMENUITEMSTATE
AFXSETMENUITEMSTATE
AFXENABLEMENUITEM
AFXDISABLEMENUITEM
AFXGRAYMENUITEM
AFXHILITEMENUITEM
AFXGETMENUITEMTEXT
AFXREMOVECLOSEMENU
AFXRIGHTJUSTIFYMENUITEM
AFXSETMENUITEMBOLD
AFXSETMENUITEMTEXT
AFXINIFILEREAD
AFXINIFILEWRITE
AFXINIFILEDELETEKEY
AFXINIFILEDELETESECTION
AFXAREMOUSEBUTTONSSWAPPED
AFXGETMOUSE
AFXISLBUTTONDOWN
AFXISMBUTTONDOWN
AFXISMOUSEHORIZONTALWHEELINSTALLED
AFXISMOUSEINSTALLED
AFXISMOUSEWHEELINSTALLED
AFXISRBUTTONDOWN
AFXCOPYREGION
AFXCREATEFONTA
AFXCREATEFONTW
AFXDELETEBITMAP
AFXDELETEBRUSH
AFXDELETEFONT
AFXDELETEPALETTE
AFXDELETEPEN
AFXDELETEREGION
AFXGETBITMAPWIDTH
AFXGETBITMAPHEIGHT
AFXGETBITMAPSIZE
AFXCAPTUREDESKTOPWINDOW
AFXDRAWBITMAP
AFXGETLOGPIXELSX
AFXGETLOGPIXELSY
AFXGETFONTPOINTSIZE
AFXGETFONTHEIGHT
AFXGETSTOCKBRUSH
AFXGETSTOCKFONT
AFXGETSTOCKPEN
AFXINSETRECT
AFXINTERSECTREGION
AFXLOADBITMAPFROMFILE
AFXLOADCURSORFROMFILE
AFXLOADICONFROMFILE
AFXLOADICONFROMRESOURCE
AFXLOADBITMAPFROMRESOURCE
AFXLOADCURSORFROMRESOURCE
AFXLOADNAMEDICONFROMRESOURCE
AFXLOADNAMEDBITMAPFROMRESOURCE
AFXLOADNAMEDCURSORFROMRESOURCE
AFXHIMETRICTOPIXELS
AFXPIXELSTOHIMETRIC
AFXPIXELSTOPOINTSX
AFXPIXELSTOPOINTSY
AFXPOINTSTOPIXELSX
AFXPOINTSTOPIXELSY
AFXPIXELSTOTWIPSX
AFXPIXELSTOTWIPSY
AFXTWIPSTOPIXELSX
AFXTWIPSTOPIXELSY
AFXTWIPSPERPIXELX
AFXTWIPSPERPIXELY
AFXSELECTBITMAP
AFXSELECTBRUSH
AFXSELECTFONT
AFXSELECTPEN
AFXSUBTRACTREGION
AFXUNIONREGION
AFXXORREGION
AFXGETWINDIR
AFXGETUSERNAME
AFXGETNETUSERNAME
AFXGETCOMPUTERNAME
AFXGETMACADDRESS
AFXGETEXEPATHNAME
AFXGETEXEFILENAME
AFXGETEXEFILENAMEX
AFXGETEXEFILEEXT
AFXGETEXEFULLPATH
AFXGETFILENAME
AFXGETFILENAMEX
AFXGETFILEEXT
AFXGETFILEVER
AFXFILEEXISTS
AFXFOLDEREXISTS
AFXGETCURDIR
AFXGETINSTANCEHANDLE
AFXGETLONGPATHNAME
AFXGETSHORTPATHNAME
AFXLAUNCHDEFAULTBROWSER
AFXCENTERWINDOW
AFXGETDESKTOPDPI
AFXGETDESKTOPDPIRATIOS
AFXSCALEX
AFXSCALEY
AFXUNSCALEX
AFXUNSCALEY
AFXDOEVENTS
AFXPUMPMESSAGES
AFXCONTROLRUNDLL
AFXOPENFOLDER
AFXGETPATHNAME
AFXDWORDTOFLOAT
AFXFLOATTODWORD
AFXBYTEARRAYTOSTRING
AFXSTRINGTOBYTEARRAY
AFXLONGARRAYTOSTRING
AFXDWORDARRAYTOSTRING
AFXFLOATARRAYTOSTRING
AFXDOUBLETODWORDS
AFXHIDOUBLE
AFXLODOUBLE
AFXISNUMERIC
AFXREGEXPINSTR
AFXEXPLOREFOLDER
AFXENUMPORTS
AFXSAVETEMPFILE
AFXFILLRECTANGLE
AFXCREATEDIBSECTION
AFXCLEARCLIPBOARD
AFXGETCLIPBOARDDATA
AFXSETCLIPBOARDDATA
AFXGETCLIPBOARDTEXTA
AFXGETCLIPBOARDTEXTW
AFXSETCLIPBOARDTEXTA
AFXSETCLIPBOARDTEXTW
AFXSPACESA
AFXSPACESW
AFXGETBITSPERPIXEL
AFXGETNUMBEROFSUPPORTEDCOLORS
AFXWINDOWRESIZE
AFXSIZEWINDOW
AFXGETMENURECT
AFXPAINTRECTA
AFXPAINTRECTW
AFXFORCEVISIBLEDISPLAY
AFXSTARTEDFROMSHORTCUT
AFXSTARTEDFROMSHORTCUTNAMEA
AFXSTARTEDFROMSHORTCUTNAMEW
AFXREDRAWNONCLIENTAREA
AFXGETCAPTIONFONTA
AFXGETCAPTIONFONTW
AFXGETCAPTIONFONTNAMEA
AFXGETCAPTIONFONTNAMEW
AFXGETCAPTIONFONTHEIGHTA
AFXGETCAPTIONFONTHEIGHTW
AFXGETCAPTIONFONTPOINTSIZEA
AFXGETCAPTIONFONTPOINTSIZEW
AFXGETSMALLCAPTIONFONTA
AFXGETSMALLCAPTIONFONTW
AFXGETSMALLCAPTIONFONTNAMEA
AFXGETSMALLCAPTIONFONTNAMEW
AFXGETSMALLCAPTIONFONTHEIGHTA
AFXGETSMALLCAPTIONFONTHEIGHTW
AFXGETSMALLCAPTIONFONTPOINTSIZEA
AFXGETSMALLCAPTIONFONTPOINTSIZEW
AFXGETMENUFONTA
AFXGETMENUFONTW
AFXGETMENUFONTNAMEA
AFXGETMENUFONTNAMEW
AFXGETMENUFONTHEIGHTA
AFXGETMENUFONTHEIGHTW
AFXGETMENUFONTPOINTSIZEA
AFXGETMENUFONTPOINTSIZEW
AFXGETSTATUSFONTA
AFXGETSTATUSFONTW
AFXGETSTATUSFONTNAMEA
AFXGETSTATUSFONTNAMEW
AFXGETSTATUSFONTHEIGHTA
AFXGETSTATUSFONTHEIGHTW
AFXGETSTATUSFONTPOINTSIZEA
AFXGETSTATUSFONTPOINTSIZEW
AFXGETMESSAGEFONTA
AFXGETMESSAGEFONTW
AFXGETMESSAGEFONTNAMEA
AFXGETMESSAGEFONTNAMEW
AFXGETMESSAGEFONTHEIGHTA
AFXGETMESSAGEFONTHEIGHTW
AFXGETMESSAGEFONTPOINTSIZEA
AFXGETMESSAGEFONTPOINTSIZEW
AFXGETWINDOWHANDLEFROMHINSTANCE
AFXGETPATHFROMHINSTANCE
AFXGETPATHFROMWINDOWHANDLE
AFXFONTMODIFYPOINTSIZE
AFXFONTMODIFYFONTFACENAME
AFXFONTSETWEIGHT
AFXFONTSETITALIC
AFXFONTSETUNDERLINE
AFXFONTSETSTRIKEOUT
AFXFONTSETCHARSET
AFXGETTOKENELEVATIONTYPE
AFXPOINTSIZETODIP
AFXGETDLLPATH
AFXGETDLLVERSION
AFXURLEXISTS
AFXGETINTERNETEXPLORERVERSION
AFXISSIMPLEMAPIINSTALLED
AFXROUND
AFXGETSYSTEMPALETTE
AFXISRESOLUTIONATLEAST
AFXBASE64ENCODE
AFXBASE64DECODE
AFXBASE64ENCODEARRAY
TSH_MSSQL_GETDBVERSION
TSH_MSSQL_DELETERECORD
TSH_MSSQL_SAVEBLOBTODB
TSH_MSSQL_LOADBLOBFROMDB
FF_FASTCONCAT
